<?xml version="1.0" encoding="UTF-8"?>
<!-- Generated by org.testng.reporters.JUnitReportReporter -->
<testsuite skipped="0" hostname="DESKTOP-U48U9V7" name="clearTrip_TestClass.DriverScript" tests="1" failures="0" timestamp="17 May 2018 08:35:23 GMT" time="50.875" errors="0">
  <testcase name="roundTripFlightSearch" time="50.875" classname="clearTrip_TestClass.DriverScript"/>
</testsuite> <!-- clearTrip_TestClass.DriverScript -->
