<?xml version="1.0" encoding="UTF-8"?>
<!-- Generated by org.testng.reporters.JUnitReportReporter -->
<testsuite skipped="0" hostname="DESKTOP-U48U9V7" name="clearTrip_TestClass.DriverScript" tests="1" failures="0" timestamp="16 May 2018 16:48:16 GMT" time="118.381" errors="0">
  <testcase name="roundTripFlightSearch" time="118.381" classname="clearTrip_TestClass.DriverScript"/>
</testsuite> <!-- clearTrip_TestClass.DriverScript -->
